# JRE version: OpenJDK Runtime Environment (17.0.8+7) (build 17.0.8+7-Ubuntu-120.04.2)
# Java VM: OpenJDK 64-Bit Server VM (17.0.8+7-Ubuntu-120.04.2, mixed mode, sharing, tiered, compressed oops, compressed class ptrs, g1 gc, linux-amd64)
GC Precious Log:
 CPUs: 12 total, 12 available
 Memory: 31376M
 Large Page Support: Disabled
 NUMA Support: Disabled
 Compressed Oops: Enabled (Zero based)
 Heap Region Size: 2M
 Heap Min Capacity: 8M
 Heap Initial Capacity: 492M
 Heap Max Capacity: 3G
 Pre-touch: Disabled
 Parallel Workers: 10
 Concurrent Workers: 3
 Concurrent Refinement Workers: 10
 Periodic GC: Disabled
Heap:
 garbage-first heap   total 819200K, used 327021K [0x0000000740000000, 0x0000000800000000)
  region size 2048K, 40 young (81920K), 6 survivors (12288K)
 Metaspace       used 66278K, committed 67008K, reserved 1114112K
  class space    used 9243K, committed 9600K, reserved 1048576K
GC Heap History (20 events):
Event: 5.516 GC heap before
{Heap before GC invocations=18 (full 0):
 garbage-first heap   total 157696K, used 87295K [0x0000000740000000, 0x0000000800000000)
  region size 2048K, 2 young (4096K), 1 survivors (2048K)
 Metaspace       used 60761K, committed 61504K, reserved 1114112K
  class space    used 8518K, committed 8896K, reserved 1048576K
}
Event: 5.517 GC heap after
{Heap after GC invocations=19 (full 0):
 garbage-first heap   total 190464K, used 79162K [0x0000000740000000, 0x0000000800000000)
  region size 2048K, 1 young (2048K), 1 survivors (2048K)
 Metaspace       used 60761K, committed 61504K, reserved 1114112K
  class space    used 8518K, committed 8896K, reserved 1048576K
}
Event: 5.526 GC heap before
{Heap before GC invocations=19 (full 0):
 garbage-first heap   total 190464K, used 83258K [0x0000000740000000, 0x0000000800000000)
  region size 2048K, 2 young (4096K), 1 survivors (2048K)
 Metaspace       used 60781K, committed 61504K, reserved 1114112K
  class space    used 8519K, committed 8896K, reserved 1048576K
}
Event: 5.527 GC heap after
{Heap after GC invocations=20 (full 0):
 garbage-first heap   total 190464K, used 79126K [0x0000000740000000, 0x0000000800000000)
  region size 2048K, 1 young (2048K), 1 survivors (2048K)
 Metaspace       used 60781K, committed 61504K, reserved 1114112K
  class space    used 8519K, committed 8896K, reserved 1048576K
}
Event: 5.568 GC heap before
{Heap before GC invocations=20 (full 0):
 garbage-first heap   total 190464K, used 87318K [0x0000000740000000, 0x0000000800000000)
  region size 2048K, 4 young (8192K), 1 survivors (2048K)
 Metaspace       used 60941K, committed 61696K, reserved 1114112K
  class space    used 8535K, committed 8896K, reserved 1048576K
}
Event: 5.569 GC heap after
{Heap after GC invocations=21 (full 0):
 garbage-first heap   total 190464K, used 79620K [0x0000000740000000, 0x0000000800000000)
  region size 2048K, 1 young (2048K), 1 survivors (2048K)
 Metaspace       used 60941K, committed 61696K, reserved 1114112K
  class space    used 8535K, committed 8896K, reserved 1048576K
}
Event: 5.632 GC heap before
{Heap before GC invocations=21 (full 0):
 garbage-first heap   total 190464K, used 85764K [0x0000000740000000, 0x0000000800000000)
  region size 2048K, 4 young (8192K), 1 survivors (2048K)
 Metaspace       used 61937K, committed 62592K, reserved 1114112K
  class space    used 8630K, committed 8960K, reserved 1048576K
}
Event: 5.634 GC heap after
{Heap after GC invocations=22 (full 0):
 garbage-first heap   total 190464K, used 79911K [0x0000000740000000, 0x0000000800000000)
  region size 2048K, 1 young (2048K), 1 survivors (2048K)
 Metaspace       used 61937K, committed 62592K, reserved 1114112K
  class space    used 8630K, committed 8960K, reserved 1048576K
}
Event: 5.770 GC heap before
{Heap before GC invocations=22 (full 0):
 garbage-first heap   total 190464K, used 118823K [0x0000000740000000, 0x0000000800000000)
  region size 2048K, 10 young (20480K), 1 survivors (2048K)
 Metaspace       used 62274K, committed 63040K, reserved 1114112K
  class space    used 8646K, committed 9024K, reserved 1048576K
}
Event: 5.773 GC heap after
{Heap after GC invocations=23 (full 0):
 garbage-first heap   total 409600K, used 81037K [0x0000000740000000, 0x0000000800000000)
  region size 2048K, 2 young (4096K), 2 survivors (4096K)
 Metaspace       used 62274K, committed 63040K, reserved 1114112K
  class space    used 8646K, committed 9024K, reserved 1048576K
}
Event: 6.168 GC heap before
{Heap before GC invocations=23 (full 0):
 garbage-first heap   total 409600K, used 218253K [0x0000000740000000, 0x0000000800000000)
  region size 2048K, 22 young (45056K), 2 survivors (4096K)
 Metaspace       used 66034K, committed 66816K, reserved 1114112K
  class space    used 9219K, committed 9600K, reserved 1048576K
}
Event: 6.172 GC heap after
{Heap after GC invocations=24 (full 0):
 garbage-first heap   total 409600K, used 114961K [0x0000000740000000, 0x0000000800000000)
  region size 2048K, 6 young (12288K), 6 survivors (12288K)
 Metaspace       used 66034K, committed 66816K, reserved 1114112K
  class space    used 9219K, committed 9600K, reserved 1048576K
}
Event: 6.410 GC heap before
{Heap before GC invocations=24 (full 0):
 garbage-first heap   total 409600K, used 327953K [0x0000000740000000, 0x0000000800000000)
  region size 2048K, 105 young (215040K), 6 survivors (12288K)
 Metaspace       used 66155K, committed 66880K, reserved 1114112K
  class space    used 9230K, committed 9600K, reserved 1048576K
}
Event: 6.427 GC heap after
{Heap after GC invocations=25 (full 0):
 garbage-first heap   total 409600K, used 166190K [0x0000000740000000, 0x0000000800000000)
  region size 2048K, 14 young (28672K), 14 survivors (28672K)
 Metaspace       used 66155K, committed 66880K, reserved 1114112K
  class space    used 9230K, committed 9600K, reserved 1048576K
}
Event: 6.538 GC heap before
{Heap before GC invocations=25 (full 0):
 garbage-first heap   total 409600K, used 303406K [0x0000000740000000, 0x0000000800000000)
  region size 2048K, 81 young (165888K), 14 survivors (28672K)
 Metaspace       used 66278K, committed 67008K, reserved 1114112K
  class space    used 9243K, committed 9600K, reserved 1048576K
}
Event: 6.557 GC heap after
{Heap after GC invocations=26 (full 0):
 garbage-first heap   total 409600K, used 199983K [0x0000000740000000, 0x0000000800000000)
  region size 2048K, 11 young (22528K), 11 survivors (22528K)
 Metaspace       used 66278K, committed 67008K, reserved 1114112K
  class space    used 9243K, committed 9600K, reserved 1048576K
}
Event: 6.612 GC heap before
{Heap before GC invocations=26 (full 0):
 garbage-first heap   total 409600K, used 304431K [0x0000000740000000, 0x0000000800000000)
  region size 2048K, 62 young (126976K), 11 survivors (22528K)
 Metaspace       used 66278K, committed 67008K, reserved 1114112K
  class space    used 9243K, committed 9600K, reserved 1048576K
}
Event: 6.628 GC heap after
{Heap after GC invocations=27 (full 0):
 garbage-first heap   total 409600K, used 237261K [0x0000000740000000, 0x0000000800000000)
  region size 2048K, 8 young (16384K), 8 survivors (16384K)
 Metaspace       used 66278K, committed 67008K, reserved 1114112K
  class space    used 9243K, committed 9600K, reserved 1048576K
}
Event: 6.664 GC heap before
{Heap before GC invocations=27 (full 0):
 garbage-first heap   total 409600K, used 315085K [0x0000000740000000, 0x0000000800000000)
  region size 2048K, 46 young (94208K), 8 survivors (16384K)
 Metaspace       used 66278K, committed 67008K, reserved 1114112K
  class space    used 9243K, committed 9600K, reserved 1048576K
}
Event: 6.674 GC heap after
{Heap after GC invocations=28 (full 0):
 garbage-first heap   total 819200K, used 259437K [0x0000000740000000, 0x0000000800000000)
  region size 2048K, 6 young (12288K), 6 survivors (12288K)
 Metaspace       used 66278K, committed 67008K, reserved 1114112K
  class space    used 9243K, committed 9600K, reserved 1048576K
}

