# JRE version: OpenJDK Runtime Environment (17.0.8+7) (build 17.0.8+7-Ubuntu-120.04.2)
# Java VM: OpenJDK 64-Bit Server VM (17.0.8+7-Ubuntu-120.04.2, mixed mode, sharing, tiered, compressed oops, compressed class ptrs, g1 gc, linux-amd64)
GC Precious Log:
 CPUs: 12 total, 12 available
 Memory: 31376M
 Large Page Support: Disabled
 NUMA Support: Disabled
 Compressed Oops: Enabled (Zero based)
 Heap Region Size: 2M
 Heap Min Capacity: 8M
 Heap Initial Capacity: 492M
 Heap Max Capacity: 3G
 Pre-touch: Disabled
 Parallel Workers: 10
 Concurrent Workers: 3
 Concurrent Refinement Workers: 10
 Periodic GC: Disabled
Heap:
 garbage-first heap   total 131072K, used 61247K [0x0000000740000000, 0x0000000800000000)
  region size 2048K, 5 young (10240K), 3 survivors (6144K)
 Metaspace       used 58016K, committed 58624K, reserved 1114112K
  class space    used 8112K, committed 8384K, reserved 1048576K
GC Heap History (20 events):
Event: 2.390 GC heap after
{Heap after GC invocations=6 (full 0):
 garbage-first heap   total 96256K, used 28040K [0x0000000740000000, 0x0000000800000000)
  region size 2048K, 1 young (2048K), 1 survivors (2048K)
 Metaspace       used 29292K, committed 29696K, reserved 1114112K
  class space    used 4270K, committed 4480K, reserved 1048576K
}
Event: 2.618 GC heap before
{Heap before GC invocations=6 (full 0):
 garbage-first heap   total 96256K, used 69000K [0x0000000740000000, 0x0000000800000000)
  region size 2048K, 19 young (38912K), 1 survivors (2048K)
 Metaspace       used 32262K, committed 32640K, reserved 1114112K
  class space    used 4507K, committed 4672K, reserved 1048576K
}
Event: 2.621 GC heap after
{Heap after GC invocations=7 (full 0):
 garbage-first heap   total 96256K, used 30640K [0x0000000740000000, 0x0000000800000000)
  region size 2048K, 2 young (4096K), 2 survivors (4096K)
 Metaspace       used 32262K, committed 32640K, reserved 1114112K
  class space    used 4507K, committed 4672K, reserved 1048576K
}
Event: 2.885 GC heap before
{Heap before GC invocations=7 (full 0):
 garbage-first heap   total 96256K, used 67504K [0x0000000740000000, 0x0000000800000000)
  region size 2048K, 20 young (40960K), 2 survivors (4096K)
 Metaspace       used 35314K, committed 35712K, reserved 1114112K
  class space    used 4982K, committed 5184K, reserved 1048576K
}
Event: 2.889 GC heap after
{Heap after GC invocations=8 (full 0):
 garbage-first heap   total 96256K, used 32792K [0x0000000740000000, 0x0000000800000000)
  region size 2048K, 2 young (4096K), 2 survivors (4096K)
 Metaspace       used 35314K, committed 35712K, reserved 1114112K
  class space    used 4982K, committed 5184K, reserved 1048576K
}
Event: 2.903 GC heap before
{Heap before GC invocations=8 (full 0):
 garbage-first heap   total 96256K, used 32792K [0x0000000740000000, 0x0000000800000000)
  region size 2048K, 3 young (6144K), 2 survivors (4096K)
 Metaspace       used 35547K, committed 35968K, reserved 1114112K
  class space    used 5009K, committed 5248K, reserved 1048576K
}
Event: 2.906 GC heap after
{Heap after GC invocations=9 (full 0):
 garbage-first heap   total 301056K, used 32779K [0x0000000740000000, 0x0000000800000000)
  region size 2048K, 2 young (4096K), 2 survivors (4096K)
 Metaspace       used 35547K, committed 35968K, reserved 1114112K
  class space    used 5009K, committed 5248K, reserved 1048576K
}
Event: 3.865 GC heap before
{Heap before GC invocations=10 (full 0):
 garbage-first heap   total 131072K, used 106507K [0x0000000740000000, 0x0000000800000000)
  region size 2048K, 38 young (77824K), 2 survivors (4096K)
 Metaspace       used 42358K, committed 42816K, reserved 1114112K
  class space    used 5981K, committed 6208K, reserved 1048576K
}
Event: 3.868 GC heap after
{Heap after GC invocations=11 (full 0):
 garbage-first heap   total 131072K, used 36237K [0x0000000740000000, 0x0000000800000000)
  region size 2048K, 3 young (6144K), 3 survivors (6144K)
 Metaspace       used 42358K, committed 42816K, reserved 1114112K
  class space    used 5981K, committed 6208K, reserved 1048576K
}
Event: 4.951 GC heap before
{Heap before GC invocations=11 (full 0):
 garbage-first heap   total 131072K, used 99725K [0x0000000740000000, 0x0000000800000000)
  region size 2048K, 33 young (67584K), 3 survivors (6144K)
 Metaspace       used 53283K, committed 53824K, reserved 1114112K
  class space    used 7403K, committed 7616K, reserved 1048576K
}
Event: 4.956 GC heap after
{Heap after GC invocations=12 (full 0):
 garbage-first heap   total 131072K, used 43785K [0x0000000740000000, 0x0000000800000000)
  region size 2048K, 5 young (10240K), 5 survivors (10240K)
 Metaspace       used 53283K, committed 53824K, reserved 1114112K
  class space    used 7403K, committed 7616K, reserved 1048576K
}
Event: 5.368 GC heap before
{Heap before GC invocations=12 (full 0):
 garbage-first heap   total 131072K, used 97033K [0x0000000740000000, 0x0000000800000000)
  region size 2048K, 31 young (63488K), 5 survivors (10240K)
 Metaspace       used 54705K, committed 55296K, reserved 1114112K
  class space    used 7608K, committed 7872K, reserved 1048576K
}
Event: 5.374 GC heap after
{Heap after GC invocations=13 (full 0):
 garbage-first heap   total 131072K, used 49346K [0x0000000740000000, 0x0000000800000000)
  region size 2048K, 3 young (6144K), 3 survivors (6144K)
 Metaspace       used 54705K, committed 55296K, reserved 1114112K
  class space    used 7608K, committed 7872K, reserved 1048576K
}
Event: 6.197 GC heap before
{Heap before GC invocations=13 (full 0):
 garbage-first heap   total 131072K, used 106690K [0x0000000740000000, 0x0000000800000000)
  region size 2048K, 27 young (55296K), 3 survivors (6144K)
 Metaspace       used 57462K, committed 58048K, reserved 1114112K
  class space    used 8046K, committed 8320K, reserved 1048576K
}
Event: 6.201 GC heap after
{Heap after GC invocations=14 (full 0):
 garbage-first heap   total 131072K, used 52978K [0x0000000740000000, 0x0000000800000000)
  region size 2048K, 2 young (4096K), 2 survivors (4096K)
 Metaspace       used 57462K, committed 58048K, reserved 1114112K
  class space    used 8046K, committed 8320K, reserved 1048576K
}
Event: 6.258 GC heap before
{Heap before GC invocations=14 (full 0):
 garbage-first heap   total 131072K, used 69362K [0x0000000740000000, 0x0000000800000000)
  region size 2048K, 9 young (18432K), 2 survivors (4096K)
 Metaspace       used 57832K, committed 58432K, reserved 1114112K
  class space    used 8094K, committed 8384K, reserved 1048576K
}
Event: 6.260 GC heap after
{Heap after GC invocations=15 (full 0):
 garbage-first heap   total 131072K, used 53166K [0x0000000740000000, 0x0000000800000000)
  region size 2048K, 2 young (4096K), 2 survivors (4096K)
 Metaspace       used 57832K, committed 58432K, reserved 1114112K
  class space    used 8094K, committed 8384K, reserved 1048576K
}
Event: 6.267 GC heap before
{Heap before GC invocations=15 (full 0):
 garbage-first heap   total 131072K, used 59310K [0x0000000740000000, 0x0000000800000000)
  region size 2048K, 3 young (6144K), 2 survivors (4096K)
 Metaspace       used 57835K, committed 58432K, reserved 1114112K
  class space    used 8094K, committed 8384K, reserved 1048576K
}
Event: 6.269 GC heap after
{Heap after GC invocations=16 (full 0):
 garbage-first heap   total 131072K, used 53151K [0x0000000740000000, 0x0000000800000000)
  region size 2048K, 2 young (4096K), 2 survivors (4096K)
 Metaspace       used 57835K, committed 58432K, reserved 1114112K
  class space    used 8094K, committed 8384K, reserved 1048576K
}
Event: 6.312 GC heap before
{Heap before GC invocations=16 (full 0):
 garbage-first heap   total 131072K, used 59295K [0x0000000740000000, 0x0000000800000000)
  region size 2048K, 4 young (8192K), 2 survivors (4096K)
 Metaspace       used 58016K, committed 58624K, reserved 1114112K
  class space    used 8112K, committed 8384K, reserved 1048576K
}

